===== Treasury Recommendation Entry | 2026-03-31T15:25:34.244761Z =====
Mandate: test-mandate-001
Run ID: 6885603b-0e32-4530-b6c2-dea63ead2b3e
{
  "run_id": "6885603b-0e32-4530-b6c2-dea63ead2b3e",
  "mandate_id": "test-mandate-001",
  "policy_snapshot": {
    "min_apy": 2.0,
    "max_apy": null,
    "target_apy": 5.0,
    "risk": {
      "max_level": "medium",
      "min_score": 40
    },
    "allowed_protocols": [
      "aave",
      "compound"
    ],
    "allowed_chains": [
      "ethereum",
      "arbitrum"
    ],
    "max_tvl_per_pool_pct": 40.0,
    "min_pool_tvl_usd": 1000000,
    "amount_usd": 100000,
    "preference": "balanced",
    "mandate_version": 1
  },
  "recommendation_output": {
    "recommendation": {
      "recommended_pools": [
        {
          "id": "83fca810-ec67-401d-831a-2d0ae8e596c9",
          "protocol": "aave-v3",
          "chain": "Ethereum",
          "tvl": 9673954,
          "apy": 4.4769,
          "symbol": "USDG",
          "project": "aave-v3",
          "url": null,
          "poolMeta": null,
          "underlyingTokens": [
            "0xe343167631d89B6Ffc58B88d6b7fB0228795491D"
          ],
          "rewardTokens": null,
          "last_updated": "2026-03-31 15:25:31.414910",
          "riskData": {
            "poolId": "83fca810-ec67-401d-831a-2d0ae8e596c9",
            "riskScore": 85.0,
            "riskLevel": "very_low",
            "riskReasoning": "This pool has a VERY LOW risk profile. \u26a0 Moderate liquidity at $9,673,954 TVL - some slippage risk on large trades. \u2713 Aave-V3 is an established protocol with strong track record and audits. \u2713 Low APY (4.5%) indicates very conservative, stable yield. \u2713 No known exploit history.",
            "factors": {
              "contractVerified": null,
              "auditLink": null,
              "holderConcentration": null,
              "liquidityScore": null,
              "exploitHistory": null,
              "existingRisk": null
            },
            "confidence": 0.0,
            "recommendations": [
              "\u2705 Low risk pool - suitable for conservative investments",
              "\ud83d\udcc8 Good choice for long-term holdings",
              "\ud83c\udfe6 Established protocol with strong track record"
            ],
            "originalPoolData": {
              "id": "83fca810-ec67-401d-831a-2d0ae8e596c9",
              "protocol": "aave-v3",
              "chain": "Ethereum",
              "tvl": 9673954,
              "apy": 4.4769,
              "symbol": "USDG",
              "project": "aave-v3",
              "url": null,
              "poolMeta": null,
              "underlyingTokens": [
                "0xe343167631d89B6Ffc58B88d6b7fB0228795491D"
              ],
              "rewardTokens": null,
              "last_updated": "2026-03-31 15:25:31.414910"
            }
          },
          "totalScore": 0.5761,
          "scoreFactors": {
            "normalized_apy": 1.0,
            "normalized_risk_score": 0.25,
            "normalized_tvl": 0.005682782932523246,
            "weights": {
              "apy": 0.5,
              "risk": 0.3,
              "tvl": 0.2
            }
          },
          "ranking": 1,
          "explanation": [
            "APY above policy threshold",
            "Risk score within mandate limits",
            "Protocol whitelisted in policy",
            "Pool TVL above minimum threshold"
          ],
          "selection_reason": "APY above policy threshold. Risk score within mandate limits. Protocol whitelisted in policy. Pool TVL above minimum threshold"
        },
        {
          "id": "f981a304-bb6c-45b8-b0c5-fd2f515ad23a",
          "protocol": "aave-v3",
          "chain": "Ethereum",
          "tvl": 1376780073,
          "apy": 2.02343,
          "symbol": "USDT",
          "project": "aave-v3",
          "url": null,
          "poolMeta": null,
          "underlyingTokens": [
            "0xdAC17F958D2ee523a2206206994597C13D831ec7"
          ],
          "rewardTokens": null,
          "last_updated": "2026-03-31 15:25:31.413960",
          "riskData": {
            "poolId": "f981a304-bb6c-45b8-b0c5-fd2f515ad23a",
            "riskScore": 100.0,
            "riskLevel": "very_low",
            "riskReasoning": "This pool has a VERY LOW risk profile. \u2713 Excellent liquidity with $1,376,780,073 TVL provides strong stability and low slippage risk. \u2713 Aave-V3 is an established protocol with strong track record and audits. \u2713 Low APY (2.0%) indicates very conservative, stable yield. \u2713 No known exploit history.",
            "factors": {
              "contractVerified": null,
              "auditLink": null,
              "holderConcentration": null,
              "liquidityScore": null,
              "exploitHistory": null,
              "existingRisk": null
            },
            "confidence": 0.0,
            "recommendations": [
              "\u2705 Low risk pool - suitable for conservative investments",
              "\ud83d\udcc8 Good choice for long-term holdings",
              "\ud83d\udca7 High liquidity - excellent for large transactions",
              "\ud83c\udfe6 Established protocol with strong track record"
            ],
            "originalPoolData": {
              "id": "f981a304-bb6c-45b8-b0c5-fd2f515ad23a",
              "protocol": "aave-v3",
              "chain": "Ethereum",
              "tvl": 1376780073,
              "apy": 2.02343,
              "symbol": "USDT",
              "project": "aave-v3",
              "url": null,
              "poolMeta": null,
              "underlyingTokens": [
                "0xdAC17F958D2ee523a2206206994597C13D831ec7"
              ],
              "rewardTokens": null,
              "last_updated": "2026-03-31 15:25:31.413960"
            }
          },
          "totalScore": 0.5,
          "scoreFactors": {
            "normalized_apy": 0.0,
            "normalized_risk_score": 1.0,
            "normalized_tvl": 1.0,
            "weights": {
              "apy": 0.5,
              "risk": 0.3,
              "tvl": 0.2
            }
          },
          "ranking": 2,
          "explanation": [
            "APY above policy threshold",
            "Risk score within mandate limits",
            "Protocol whitelisted in policy",
            "Pool TVL above minimum threshold"
          ],
          "selection_reason": "APY above policy threshold. Risk score within mandate limits. Protocol whitelisted in policy. Pool TVL above minimum threshold"
        },
        {
          "id": "27296bf9-617a-46e4-9d6d-eefc71e9e0b6",
          "protocol": "aave-v3",
          "chain": "Ethereum",
          "tvl": 5819985,
          "apy": 2.70501,
          "symbol": "USDC",
          "project": "aave-v3",
          "url": null,
          "poolMeta": "horizon-market",
          "underlyingTokens": [
            "0xA0b86991c6218b36c1d19D4a2e9Eb0cE3606eB48"
          ],
          "rewardTokens": null,
          "last_updated": "2026-03-31 15:25:31.415251",
          "riskData": {
            "poolId": "27296bf9-617a-46e4-9d6d-eefc71e9e0b6",
            "riskScore": 85.0,
            "riskLevel": "very_low",
            "riskReasoning": "This pool has a VERY LOW risk profile. \u26a0 Moderate liquidity at $5,819,985 TVL - some slippage risk on large trades. \u2713 Aave-V3 is an established protocol with strong track record and audits. \u2713 Low APY (2.7%) indicates very conservative, stable yield. \u2713 No known exploit history.",
            "factors": {
              "contractVerified": null,
              "auditLink": null,
              "holderConcentration": null,
              "liquidityScore": null,
              "exploitHistory": null,
              "existingRisk": null
            },
            "confidence": 0.0,
            "recommendations": [
              "\u2705 Low risk pool - suitable for conservative investments",
              "\ud83d\udcc8 Good choice for long-term holdings",
              "\ud83c\udfe6 Established protocol with strong track record"
            ],
            "originalPoolData": {
              "id": "27296bf9-617a-46e4-9d6d-eefc71e9e0b6",
              "protocol": "aave-v3",
              "chain": "Ethereum",
              "tvl": 5819985,
              "apy": 2.70501,
              "symbol": "USDC",
              "project": "aave-v3",
              "url": null,
              "poolMeta": "horizon-market",
              "underlyingTokens": [
                "0xA0b86991c6218b36c1d19D4a2e9Eb0cE3606eB48"
              ],
              "rewardTokens": null,
              "last_updated": "2026-03-31 15:25:31.415251"
            }
          },
          "totalScore": 0.2145,
          "scoreFactors": {
            "normalized_apy": 0.27780245937386655,
            "normalized_risk_score": 0.25,
            "normalized_tvl": 0.0028797322567297844,
            "weights": {
              "apy": 0.5,
              "risk": 0.3,
              "tvl": 0.2
            }
          },
          "ranking": 7,
          "explanation": [
            "APY above policy threshold",
            "Risk score within mandate limits",
            "Protocol whitelisted in policy",
            "Pool TVL above minimum threshold"
          ],
          "selection_reason": "APY above policy threshold. Risk score within mandate limits. Protocol whitelisted in policy. Pool TVL above minimum threshold"
        }
      ],
      "allocation": [
        {
          "pool_id": "83fca810-ec67-401d-831a-2d0ae8e596c9",
          "protocol": "aave-v3",
          "chain": "Ethereum",
          "apy": 4.4769,
          "risk_score": 85.0,
          "risk_level": "very_low",
          "tvl": 9673954,
          "score": 0.5761,
          "pct": 24.8,
          "amount_usd": 24807.3,
          "url": "",
          "explanation": [
            "APY above policy threshold",
            "Risk score within mandate limits",
            "Protocol whitelisted in policy",
            "Pool TVL above minimum threshold"
          ]
        },
        {
          "pool_id": "f981a304-bb6c-45b8-b0c5-fd2f515ad23a",
          "protocol": "aave-v3",
          "chain": "Ethereum",
          "apy": 2.02343,
          "risk_score": 100.0,
          "risk_level": "very_low",
          "tvl": 1376780073,
          "score": 0.5,
          "pct": 21.5,
          "amount_usd": 21530.38,
          "url": "",
          "explanation": [
            "APY above policy threshold",
            "Risk score within mandate limits",
            "Protocol whitelisted in policy",
            "Pool TVL above minimum threshold"
          ]
        },
        {
          "pool_id": "aa70268e-4b52-42bf-a116-608b370f9501",
          "protocol": "aave-v3",
          "chain": "Ethereum",
          "apy": 2.53914,
          "risk_score": 100.0,
          "risk_level": "very_low",
          "tvl": 651440961,
          "score": 0.4996,
          "pct": 21.5,
          "amount_usd": 21513.16,
          "url": "",
          "explanation": [
            "APY above policy threshold",
            "Risk score within mandate limits",
            "Protocol whitelisted in policy",
            "Pool TVL above minimum threshold"
          ]
        },
        {
          "pool_id": "7da72d09-56ca-4ec5-a45f-59114353e487",
          "protocol": "compound-v3",
          "chain": "Ethereum",
          "apy": 2.49992,
          "risk_score": 100.0,
          "risk_level": "very_low",
          "tvl": 114406765,
          "score": 0.4135,
          "pct": 17.8,
          "amount_usd": 17805.62,
          "url": "",
          "explanation": [
            "APY above policy threshold",
            "Risk score within mandate limits",
            "Protocol whitelisted in policy",
            "Pool TVL above minimum threshold"
          ]
        },
        {
          "pool_id": "f4d5b566-e815-4ca2-bb07-7bcd8bc797f1",
          "protocol": "compound-v3",
          "chain": "Ethereum",
          "apy": 2.51252,
          "risk_score": 95.0,
          "risk_level": "very_low",
          "tvl": 60115047,
          "score": 0.3331,
          "pct": 14.3,
          "amount_usd": 14343.54,
          "url": "",
          "explanation": [
            "APY above policy threshold",
            "Risk score within mandate limits",
            "Protocol whitelisted in policy",
            "Pool TVL above minimum threshold"
          ]
        }
      ],
      "expected_portfolio_apy": 2.9,
      "total_allocated_usd": 100000.0,
      "reasoning_trace": [
        {
          "step": 1,
          "agent": "DecisionAgent",
          "action": "filter_pools",
          "input": {
            "totalPools": 9,
            "criteria": {
              "min_apy": 2.0,
              "max_apy": null,
              "target_apy": 5.0,
              "preference": "balanced",
              "min_tvl": 1000000.0,
              "amount_usd": 100000.0,
              "top_n": 10,
              "risk": {
                "max_level": "medium",
                "min_score": 40
              },
              "allowed_protocols": [
                "aave",
                "compound"
              ],
              "allowed_chains": [
                "ethereum",
                "arbitrum"
              ],
              "max_tvl_per_pool_pct": 40.0
            }
          },
          "output": {
            "filteredPools": 9,
            "filtersApplied": [
              "min_apy",
              "max_apy",
              "target_apy",
              "preference",
              "min_tvl",
              "amount_usd",
              "top_n",
              "risk",
              "allowed_protocols",
              "allowed_chains",
              "max_tvl_per_pool_pct"
            ]
          },
          "reasoning": "Filtered pools based on criteria: min_apy, max_apy, target_apy, preference, min_tvl, amount_usd, top_n, risk, allowed_protocols, allowed_chains, max_tvl_per_pool_pct",
          "timestamp": "2026-03-31T20:55:34.244347"
        },
        {
          "step": 2,
          "agent": "DecisionAgent",
          "action": "score_pools",
          "input": {
            "poolsToScore": 9
          },
          "output": {
            "scoringFactors": [
              "normalized_apy",
              "normalized_risk_score",
              "normalized_tvl",
              "weights"
            ],
            "topScores": [
              {
                "id": "83fca810-ec67-401d-831a-2d0ae8e596c9",
                "score": 0.5761
              },
              {
                "id": "f981a304-bb6c-45b8-b0c5-fd2f515ad23a",
                "score": 0.5
              },
              {
                "id": "aa70268e-4b52-42bf-a116-608b370f9501",
                "score": 0.4996
              }
            ]
          },
          "reasoning": "Scored pools using deterministic formula: score = 0.5*norm_apy + 0.3*norm_risk + 0.2*norm_tvl (each normalized to [0,1])",
          "timestamp": "2026-03-31T20:55:34.244358"
        },
        {
          "step": 3,
          "agent": "DecisionAgent",
          "action": "select_optimal",
          "input": {
            "candidatePools": 9
          },
          "output": {
            "selectedPool": {
              "id": "83fca810-ec67-401d-831a-2d0ae8e596c9",
              "protocol": "aave-v3",
              "score": 0.5761,
              "apy": 4.4769,
              "riskScore": 50
            }
          },
          "reasoning": "Selected 83fca810-ec67-401d-831a-2d0ae8e596c9 with highest composite score (0.5761)",
          "timestamp": "2026-03-31T20:55:34.244361"
        },
        {
          "step": 4,
          "agent": "DecisionAgent",
          "action": "justify_selection",
          "input": {
            "selectedPool": "83fca810-ec67-401d-831a-2d0ae8e596c9"
          },
          "output": {
            "justification": {
              "apyAdvantage": 4.4769,
              "riskAssessment": "medium",
              "liquidityStrength": 9673954,
              "protocolReliability": "aave-v3"
            }
          },
          "reasoning": "Pool selected due to 4.4769% APY, medium risk, and strong liquidity of $9,673,954",
          "timestamp": "2026-03-31T20:55:34.244365"
        }
      ]
    },
    "proposal_draft": "## Treasury Allocation Proposal\n\nAllocate **$100,000** from treasury across **5 pools**.\n\n### Portfolio summary\n- **Total allocated:** $100,000\n- **Expected portfolio APY:** 2.9%\n- **Number of pools:** 5\n\n### Allocation breakdown\n\n| Pool / Protocol | Chain | Allocation | Amount | APY | Risk |\n| --- | --- | --- | --- | --- | --- |\n| aave-v3 | Ethereum | 24.8% | $24,807 | 4.4769% | 85.0/100 |\n| aave-v3 | Ethereum | 21.5% | $21,530 | 2.02343% | 100.0/100 |\n| aave-v3 | Ethereum | 21.5% | $21,513 | 2.53914% | 100.0/100 |\n| compound-v3 | Ethereum | 17.8% | $17,806 | 2.49992% | 100.0/100 |\n| compound-v3 | Ethereum | 14.3% | $14,344 | 2.51252% | 95.0/100 |\n\n### Selection rationale\n- **aave-v3 (24.8%):** APY above policy threshold. Risk score within mandate limits. Protocol whitelisted in policy. Pool TVL above minimum threshold\n  _Mandate: `test-mandate-001` | Generated at: `2026-03-31T20:55:34.244413`_\n---\n- **aave-v3 (21.5%):** APY above policy threshold. Risk score within mandate limits. Protocol whitelisted in policy. Pool TVL above minimum threshold\n  _Mandate: `test-mandate-001` | Generated at: `2026-03-31T20:55:34.244413`_\n---\n- **aave-v3 (21.5%):** APY above policy threshold. Risk score within mandate limits. Protocol whitelisted in policy. Pool TVL above minimum threshold\n  _Mandate: `test-mandate-001` | Generated at: `2026-03-31T20:55:34.244413`_\n---\n- **compound-v3 (17.8%):** APY above policy threshold. Risk score within mandate limits. Protocol whitelisted in policy. Pool TVL above minimum threshold\n  _Mandate: `test-mandate-001` | Generated at: `2026-03-31T20:55:34.244413`_\n---\n- **compound-v3 (14.3%):** APY above policy threshold. Risk score within mandate limits. Protocol whitelisted in policy. Pool TVL above minimum threshold\n  _Mandate: `test-mandate-001` | Generated at: `2026-03-31T20:55:34.244413`_\n---\n\n### Mandate & approval\n- **Mandate ID:** test-mandate-001\n- **Approval Ref:** Snapshot proposal #TEST-001\n- **Generated At:** 2026-03-31T20:55:34.244413\n\n---\n*Generated by RDA Treasury Advisor. Review before publishing.*"
  },
  "timestamp": "2026-03-31T15:25:34.244761Z"
}
----- End Entry -----

===== Treasury Recommendation Entry | UTC: 31 Mar 2026, 15:35 UTC | Local: 31 Mar 2026, 21:05 IST =====
Mandate: test-mandate-001
Run ID: 9aa24cd9-f1c6-43b8-ac13-4e1defbac826
Generated At (UTC): 31 Mar 2026, 15:35 UTC
Generated At (Local): 31 Mar 2026, 21:05 IST
{
  "run_id": "9aa24cd9-f1c6-43b8-ac13-4e1defbac826",
  "mandate_id": "test-mandate-001",
  "policy_snapshot": {
    "min_apy": 2.0,
    "max_apy": null,
    "target_apy": 5.0,
    "risk": {
      "max_level": "medium",
      "min_score": 40
    },
    "allowed_protocols": [
      "aave",
      "compound"
    ],
    "allowed_chains": [
      "ethereum",
      "arbitrum"
    ],
    "max_tvl_per_pool_pct": 40.0,
    "min_pool_tvl_usd": 1000000,
    "amount_usd": 100000,
    "preference": "balanced",
    "mandate_version": 1
  },
  "recommendation_output": {
    "recommendation": {
      "recommended_pools": [
        {
          "id": "83fca810-ec67-401d-831a-2d0ae8e596c9",
          "protocol": "aave-v3",
          "chain": "Ethereum",
          "tvl": 9673954,
          "apy": 4.4769,
          "symbol": "USDG",
          "project": "aave-v3",
          "url": null,
          "poolMeta": null,
          "underlyingTokens": [
            "0xe343167631d89B6Ffc58B88d6b7fB0228795491D"
          ],
          "rewardTokens": null,
          "last_updated": "2026-03-31 15:35:11.415801",
          "riskData": {
            "poolId": "83fca810-ec67-401d-831a-2d0ae8e596c9",
            "riskScore": 85.0,
            "riskLevel": "very_low",
            "riskReasoning": "This pool has a VERY LOW risk profile. \u26a0 Moderate liquidity at $9,673,954 TVL - some slippage risk on large trades. \u2713 Aave-V3 is an established protocol with strong track record and audits. \u2713 Low APY (4.5%) indicates very conservative, stable yield. \u2713 No known exploit history.",
            "factors": {
              "contractVerified": null,
              "auditLink": null,
              "holderConcentration": null,
              "liquidityScore": null,
              "exploitHistory": null,
              "existingRisk": null
            },
            "confidence": 0.0,
            "recommendations": [
              "\u2705 Low risk pool - suitable for conservative investments",
              "\ud83d\udcc8 Good choice for long-term holdings",
              "\ud83c\udfe6 Established protocol with strong track record"
            ],
            "originalPoolData": {
              "id": "83fca810-ec67-401d-831a-2d0ae8e596c9",
              "protocol": "aave-v3",
              "chain": "Ethereum",
              "tvl": 9673954,
              "apy": 4.4769,
              "symbol": "USDG",
              "project": "aave-v3",
              "url": null,
              "poolMeta": null,
              "underlyingTokens": [
                "0xe343167631d89B6Ffc58B88d6b7fB0228795491D"
              ],
              "rewardTokens": null,
              "last_updated": "2026-03-31 15:35:11.415801"
            }
          },
          "totalScore": 0.5761,
          "scoreFactors": {
            "normalized_apy": 1.0,
            "normalized_risk_score": 0.25,
            "normalized_tvl": 0.005682782932523246,
            "weights": {
              "apy": 0.5,
              "risk": 0.3,
              "tvl": 0.2
            }
          },
          "ranking": 1,
          "explanation": [
            "APY above policy threshold",
            "Risk score within mandate limits",
            "Protocol whitelisted in policy",
            "Pool TVL above minimum threshold"
          ],
          "selection_reason": "APY above policy threshold. Risk score within mandate limits. Protocol whitelisted in policy. Pool TVL above minimum threshold"
        },
        {
          "id": "f981a304-bb6c-45b8-b0c5-fd2f515ad23a",
          "protocol": "aave-v3",
          "chain": "Ethereum",
          "tvl": 1376780073,
          "apy": 2.02343,
          "symbol": "USDT",
          "project": "aave-v3",
          "url": null,
          "poolMeta": null,
          "underlyingTokens": [
            "0xdAC17F958D2ee523a2206206994597C13D831ec7"
          ],
          "rewardTokens": null,
          "last_updated": "2026-03-31 15:35:11.414861",
          "riskData": {
            "poolId": "f981a304-bb6c-45b8-b0c5-fd2f515ad23a",
            "riskScore": 100.0,
            "riskLevel": "very_low",
            "riskReasoning": "This pool has a VERY LOW risk profile. \u2713 Excellent liquidity with $1,376,780,073 TVL provides strong stability and low slippage risk. \u2713 Aave-V3 is an established protocol with strong track record and audits. \u2713 Low APY (2.0%) indicates very conservative, stable yield. \u2713 No known exploit history.",
            "factors": {
              "contractVerified": null,
              "auditLink": null,
              "holderConcentration": null,
              "liquidityScore": null,
              "exploitHistory": null,
              "existingRisk": null
            },
            "confidence": 0.0,
            "recommendations": [
              "\u2705 Low risk pool - suitable for conservative investments",
              "\ud83d\udcc8 Good choice for long-term holdings",
              "\ud83d\udca7 High liquidity - excellent for large transactions",
              "\ud83c\udfe6 Established protocol with strong track record"
            ],
            "originalPoolData": {
              "id": "f981a304-bb6c-45b8-b0c5-fd2f515ad23a",
              "protocol": "aave-v3",
              "chain": "Ethereum",
              "tvl": 1376780073,
              "apy": 2.02343,
              "symbol": "USDT",
              "project": "aave-v3",
              "url": null,
              "poolMeta": null,
              "underlyingTokens": [
                "0xdAC17F958D2ee523a2206206994597C13D831ec7"
              ],
              "rewardTokens": null,
              "last_updated": "2026-03-31 15:35:11.414861"
            }
          },
          "totalScore": 0.5,
          "scoreFactors": {
            "normalized_apy": 0.0,
            "normalized_risk_score": 1.0,
            "normalized_tvl": 1.0,
            "weights": {
              "apy": 0.5,
              "risk": 0.3,
              "tvl": 0.2
            }
          },
          "ranking": 2,
          "explanation": [
            "APY above policy threshold",
            "Risk score within mandate limits",
            "Protocol whitelisted in policy",
            "Pool TVL above minimum threshold"
          ],
          "selection_reason": "APY above policy threshold. Risk score within mandate limits. Protocol whitelisted in policy. Pool TVL above minimum threshold"
        },
        {
          "id": "27296bf9-617a-46e4-9d6d-eefc71e9e0b6",
          "protocol": "aave-v3",
          "chain": "Ethereum",
          "tvl": 5819985,
          "apy": 2.70501,
          "symbol": "USDC",
          "project": "aave-v3",
          "url": null,
          "poolMeta": "horizon-market",
          "underlyingTokens": [
            "0xA0b86991c6218b36c1d19D4a2e9Eb0cE3606eB48"
          ],
          "rewardTokens": null,
          "last_updated": "2026-03-31 15:35:11.416163",
          "riskData": {
            "poolId": "27296bf9-617a-46e4-9d6d-eefc71e9e0b6",
            "riskScore": 85.0,
            "riskLevel": "very_low",
            "riskReasoning": "This pool has a VERY LOW risk profile. \u26a0 Moderate liquidity at $5,819,985 TVL - some slippage risk on large trades. \u2713 Aave-V3 is an established protocol with strong track record and audits. \u2713 Low APY (2.7%) indicates very conservative, stable yield. \u2713 No known exploit history.",
            "factors": {
              "contractVerified": null,
              "auditLink": null,
              "holderConcentration": null,
              "liquidityScore": null,
              "exploitHistory": null,
              "existingRisk": null
            },
            "confidence": 0.0,
            "recommendations": [
              "\u2705 Low risk pool - suitable for conservative investments",
              "\ud83d\udcc8 Good choice for long-term holdings",
              "\ud83c\udfe6 Established protocol with strong track record"
            ],
            "originalPoolData": {
              "id": "27296bf9-617a-46e4-9d6d-eefc71e9e0b6",
              "protocol": "aave-v3",
              "chain": "Ethereum",
              "tvl": 5819985,
              "apy": 2.70501,
              "symbol": "USDC",
              "project": "aave-v3",
              "url": null,
              "poolMeta": "horizon-market",
              "underlyingTokens": [
                "0xA0b86991c6218b36c1d19D4a2e9Eb0cE3606eB48"
              ],
              "rewardTokens": null,
              "last_updated": "2026-03-31 15:35:11.416163"
            }
          },
          "totalScore": 0.2145,
          "scoreFactors": {
            "normalized_apy": 0.27780245937386655,
            "normalized_risk_score": 0.25,
            "normalized_tvl": 0.0028797322567297844,
            "weights": {
              "apy": 0.5,
              "risk": 0.3,
              "tvl": 0.2
            }
          },
          "ranking": 7,
          "explanation": [
            "APY above policy threshold",
            "Risk score within mandate limits",
            "Protocol whitelisted in policy",
            "Pool TVL above minimum threshold"
          ],
          "selection_reason": "APY above policy threshold. Risk score within mandate limits. Protocol whitelisted in policy. Pool TVL above minimum threshold"
        }
      ],
      "allocation": [
        {
          "pool_id": "83fca810-ec67-401d-831a-2d0ae8e596c9",
          "protocol": "aave-v3",
          "chain": "Ethereum",
          "apy": 4.4769,
          "risk_score": 85.0,
          "risk_level": "very_low",
          "tvl": 9673954,
          "score": 0.5761,
          "pct": 24.8,
          "amount_usd": 24807.3,
          "url": "",
          "explanation": [
            "APY above policy threshold",
            "Risk score within mandate limits",
            "Protocol whitelisted in policy",
            "Pool TVL above minimum threshold"
          ]
        },
        {
          "pool_id": "f981a304-bb6c-45b8-b0c5-fd2f515ad23a",
          "protocol": "aave-v3",
          "chain": "Ethereum",
          "apy": 2.02343,
          "risk_score": 100.0,
          "risk_level": "very_low",
          "tvl": 1376780073,
          "score": 0.5,
          "pct": 21.5,
          "amount_usd": 21530.38,
          "url": "",
          "explanation": [
            "APY above policy threshold",
            "Risk score within mandate limits",
            "Protocol whitelisted in policy",
            "Pool TVL above minimum threshold"
          ]
        },
        {
          "pool_id": "aa70268e-4b52-42bf-a116-608b370f9501",
          "protocol": "aave-v3",
          "chain": "Ethereum",
          "apy": 2.53914,
          "risk_score": 100.0,
          "risk_level": "very_low",
          "tvl": 651440961,
          "score": 0.4996,
          "pct": 21.5,
          "amount_usd": 21513.16,
          "url": "",
          "explanation": [
            "APY above policy threshold",
            "Risk score within mandate limits",
            "Protocol whitelisted in policy",
            "Pool TVL above minimum threshold"
          ]
        },
        {
          "pool_id": "7da72d09-56ca-4ec5-a45f-59114353e487",
          "protocol": "compound-v3",
          "chain": "Ethereum",
          "apy": 2.49992,
          "risk_score": 100.0,
          "risk_level": "very_low",
          "tvl": 114406765,
          "score": 0.4135,
          "pct": 17.8,
          "amount_usd": 17805.62,
          "url": "",
          "explanation": [
            "APY above policy threshold",
            "Risk score within mandate limits",
            "Protocol whitelisted in policy",
            "Pool TVL above minimum threshold"
          ]
        },
        {
          "pool_id": "f4d5b566-e815-4ca2-bb07-7bcd8bc797f1",
          "protocol": "compound-v3",
          "chain": "Ethereum",
          "apy": 2.51252,
          "risk_score": 95.0,
          "risk_level": "very_low",
          "tvl": 60115047,
          "score": 0.3331,
          "pct": 14.3,
          "amount_usd": 14343.54,
          "url": "",
          "explanation": [
            "APY above policy threshold",
            "Risk score within mandate limits",
            "Protocol whitelisted in policy",
            "Pool TVL above minimum threshold"
          ]
        }
      ],
      "expected_portfolio_apy": 2.9,
      "total_allocated_usd": 100000.0,
      "reasoning_trace": [
        {
          "step": 1,
          "agent": "DecisionAgent",
          "action": "filter_pools",
          "input": {
            "totalPools": 9,
            "criteria": {
              "min_apy": 2.0,
              "max_apy": null,
              "target_apy": 5.0,
              "preference": "balanced",
              "min_tvl": 1000000.0,
              "amount_usd": 100000.0,
              "top_n": 10,
              "risk": {
                "max_level": "medium",
                "min_score": 40
              },
              "allowed_protocols": [
                "aave",
                "compound"
              ],
              "allowed_chains": [
                "ethereum",
                "arbitrum"
              ],
              "max_tvl_per_pool_pct": 40.0
            }
          },
          "output": {
            "filteredPools": 9,
            "filtersApplied": [
              "min_apy",
              "max_apy",
              "target_apy",
              "preference",
              "min_tvl",
              "amount_usd",
              "top_n",
              "risk",
              "allowed_protocols",
              "allowed_chains",
              "max_tvl_per_pool_pct"
            ]
          },
          "reasoning": "Filtered pools based on criteria: min_apy, max_apy, target_apy, preference, min_tvl, amount_usd, top_n, risk, allowed_protocols, allowed_chains, max_tvl_per_pool_pct",
          "timestamp": "2026-03-31T21:05:15.897692"
        },
        {
          "step": 2,
          "agent": "DecisionAgent",
          "action": "score_pools",
          "input": {
            "poolsToScore": 9
          },
          "output": {
            "scoringFactors": [
              "normalized_apy",
              "normalized_risk_score",
              "normalized_tvl",
              "weights"
            ],
            "topScores": [
              {
                "id": "83fca810-ec67-401d-831a-2d0ae8e596c9",
                "score": 0.5761
              },
              {
                "id": "f981a304-bb6c-45b8-b0c5-fd2f515ad23a",
                "score": 0.5
              },
              {
                "id": "aa70268e-4b52-42bf-a116-608b370f9501",
                "score": 0.4996
              }
            ]
          },
          "reasoning": "Scored pools using deterministic formula: score = 0.5*norm_apy + 0.3*norm_risk + 0.2*norm_tvl (each normalized to [0,1])",
          "timestamp": "2026-03-31T21:05:15.897701"
        },
        {
          "step": 3,
          "agent": "DecisionAgent",
          "action": "select_optimal",
          "input": {
            "candidatePools": 9
          },
          "output": {
            "selectedPool": {
              "id": "83fca810-ec67-401d-831a-2d0ae8e596c9",
              "protocol": "aave-v3",
              "score": 0.5761,
              "apy": 4.4769,
              "riskScore": 50
            }
          },
          "reasoning": "Selected 83fca810-ec67-401d-831a-2d0ae8e596c9 with highest composite score (0.5761)",
          "timestamp": "2026-03-31T21:05:15.897704"
        },
        {
          "step": 4,
          "agent": "DecisionAgent",
          "action": "justify_selection",
          "input": {
            "selectedPool": "83fca810-ec67-401d-831a-2d0ae8e596c9"
          },
          "output": {
            "justification": {
              "apyAdvantage": 4.4769,
              "riskAssessment": "medium",
              "liquidityStrength": 9673954,
              "protocolReliability": "aave-v3"
            }
          },
          "reasoning": "Pool selected due to 4.4769% APY, medium risk, and strong liquidity of $9,673,954",
          "timestamp": "2026-03-31T21:05:15.897707"
        }
      ]
    },
    "proposal_draft": "## Treasury Allocation Proposal\n\nAllocate **$100,000** from treasury across **5 pools**.\n\n### Portfolio summary\n- **Total allocated:** $100,000\n- **Expected portfolio APY:** 2.9%\n- **Number of pools:** 5\n\n### Allocation breakdown\n\n| Pool / Protocol | Chain | Allocation | Amount | APY | Risk |\n| --- | --- | --- | --- | --- | --- |\n| aave-v3 | Ethereum | 24.8% | $24,807 | 4.4769% | 85.0/100 |\n| aave-v3 | Ethereum | 21.5% | $21,530 | 2.02343% | 100.0/100 |\n| aave-v3 | Ethereum | 21.5% | $21,513 | 2.53914% | 100.0/100 |\n| compound-v3 | Ethereum | 17.8% | $17,806 | 2.49992% | 100.0/100 |\n| compound-v3 | Ethereum | 14.3% | $14,344 | 2.51252% | 95.0/100 |\n\n### Selection rationale\n- **aave-v3 (24.8%):** APY above policy threshold. Risk score within mandate limits. Protocol whitelisted in policy. Pool TVL above minimum threshold\n  _Mandate: `test-mandate-001` | Generated (UTC): `31 Mar 2026, 15:35 UTC` | Local: `31 Mar 2026, 21:05 IST`_\n---\n- **aave-v3 (21.5%):** APY above policy threshold. Risk score within mandate limits. Protocol whitelisted in policy. Pool TVL above minimum threshold\n  _Mandate: `test-mandate-001` | Generated (UTC): `31 Mar 2026, 15:35 UTC` | Local: `31 Mar 2026, 21:05 IST`_\n---\n- **aave-v3 (21.5%):** APY above policy threshold. Risk score within mandate limits. Protocol whitelisted in policy. Pool TVL above minimum threshold\n  _Mandate: `test-mandate-001` | Generated (UTC): `31 Mar 2026, 15:35 UTC` | Local: `31 Mar 2026, 21:05 IST`_\n---\n- **compound-v3 (17.8%):** APY above policy threshold. Risk score within mandate limits. Protocol whitelisted in policy. Pool TVL above minimum threshold\n  _Mandate: `test-mandate-001` | Generated (UTC): `31 Mar 2026, 15:35 UTC` | Local: `31 Mar 2026, 21:05 IST`_\n---\n- **compound-v3 (14.3%):** APY above policy threshold. Risk score within mandate limits. Protocol whitelisted in policy. Pool TVL above minimum threshold\n  _Mandate: `test-mandate-001` | Generated (UTC): `31 Mar 2026, 15:35 UTC` | Local: `31 Mar 2026, 21:05 IST`_\n---\n\n### Mandate & approval\n- **Mandate ID:** test-mandate-001\n- **Approval Ref:** Snapshot proposal #TEST-001\n- **Generated At (UTC):** 31 Mar 2026, 15:35 UTC\n- **Generated At (Local):** 31 Mar 2026, 21:05 IST\n\n---\n*Generated by RDA Treasury Advisor. Review before publishing.*"
  },
  "timestamp": "2026-03-31T15:35:15.898101Z"
}
----- End Entry -----

===== Treasury Recommendation Entry | UTC: 31 Mar 2026, 17:13 UTC | Local: 31 Mar 2026, 22:43 IST =====
Mandate: m-1
Run ID: 7d5ac312-8467-4b80-b0a1-71036dd43d5a
Generated At (UTC): 31 Mar 2026, 17:13 UTC
Generated At (Local): 31 Mar 2026, 22:43 IST
{
  "run_id": "7d5ac312-8467-4b80-b0a1-71036dd43d5a",
  "mandate_id": "m-1",
  "policy_snapshot": {
    "min_apy": 2.0,
    "allowed_protocols": [
      "aave"
    ],
    "allowed_chains": [
      "ethereum"
    ],
    "amount_usd": 100000,
    "risk": {
      "max_level": "medium",
      "min_score": 40
    }
  },
  "recommendation_output": {
    "recommendation": {
      "recommended_pools": [
        {
          "id": "p1",
          "protocol": "aave-v3",
          "chain": "Ethereum",
          "apy": 4.2,
          "tvl": 1000000,
          "riskData": {
            "riskScore": 80,
            "riskLevel": "low"
          },
          "explanation": [
            "APY above policy threshold",
            "Risk score within mandate limits",
            "Protocol whitelisted in policy"
          ],
          "selection_reason": "APY above policy threshold. Risk score within mandate limits. Protocol whitelisted in policy",
          "totalScore": 1.0
        }
      ],
      "allocation": [
        {
          "pool_id": "p1",
          "protocol": "aave-v3",
          "chain": "Ethereum",
          "apy": 4.2,
          "risk_score": 80,
          "risk_level": "low",
          "tvl": 1000000,
          "score": 1.0,
          "pct": 100.0,
          "amount_usd": 100000.0,
          "url": "",
          "explanation": [
            "APY above policy threshold",
            "Risk score within mandate limits",
            "Protocol whitelisted in policy"
          ]
        }
      ],
      "expected_portfolio_apy": 4.2,
      "total_allocated_usd": 100000.0,
      "reasoning_trace": []
    },
    "proposal_draft": "## Treasury Allocation Proposal\n\nAllocate **$100,000** from treasury across **1 pool**.\n\n### Portfolio summary\n- **Total allocated:** $100,000\n- **Expected portfolio APY:** 4.2%\n- **Number of pools:** 1\n\n### Allocation breakdown\n\n| Pool / Protocol | Chain | Allocation | Amount | APY | Risk |\n| --- | --- | --- | --- | --- | --- |\n| aave-v3 | Ethereum | 100.0% | $100,000 | 4.2% | 80/100 |\n\n### Selection rationale\n- **aave-v3 (100.0%):** APY above policy threshold. Risk score within mandate limits. Protocol whitelisted in policy\n  _Mandate: `m-1` | Generated (UTC): `31 Mar 2026, 00:00 UTC` | Local: `31 Mar 2026, 05:30 IST`_\n---\n\n### Mandate & approval\n- **Mandate ID:** m-1\n- **Approval Ref:** Snapshot #1\n- **Generated At (UTC):** 31 Mar 2026, 00:00 UTC\n- **Generated At (Local):** 31 Mar 2026, 05:30 IST\n\n---\n*Generated by RDA Treasury Advisor. Review before publishing.*"
  },
  "timestamp": "2026-03-31T17:13:04.496044Z"
}
----- End Entry -----

===== Treasury Recommendation Entry | UTC: 31 Mar 2026, 17:13 UTC | Local: 31 Mar 2026, 22:43 IST =====
Mandate: m-2
Run ID: ae27f8b5-cc71-4da2-bf3b-20ba5a2ff2e3
Generated At (UTC): 31 Mar 2026, 17:13 UTC
Generated At (Local): 31 Mar 2026, 22:43 IST
{
  "run_id": "ae27f8b5-cc71-4da2-bf3b-20ba5a2ff2e3",
  "mandate_id": "m-2",
  "policy_snapshot": {
    "min_apy": 2.0,
    "allowed_protocols": [
      "aave"
    ],
    "allowed_chains": [
      "ethereum"
    ]
  },
  "recommendation_output": {
    "success": true,
    "run_id": "ae27f8b5-cc71-4da2-bf3b-20ba5a2ff2e3",
    "mandate_id": "m-2",
    "approval_ref": "Snapshot #2",
    "recommendation": {
      "recommended_pools": [],
      "expected_portfolio_apy": 0,
      "message": "No pools matched the mandate criteria."
    },
    "proposal_draft": "## Treasury Allocation Proposal\n\nNo pools matched the mandate criteria. Adjust policy or try again later.",
    "pipeline_stats": {
      "discovery": {
        "total_fetched": 10,
        "after_policy_filters": 0,
        "after_rank_top_n": 0,
        "after_apy_crosscheck": 0
      },
      "risk": {
        "input_candidates": 0,
        "after_risk_policy_filters": 0
      },
      "decision": {
        "scored_candidates": 0,
        "recommended_count": 0
      },
      "timestamps": {
        "started_at_utc": "2026-03-31T17:13:04.505555+00:00",
        "completed_at_utc": "2026-03-31T17:13:04.505589+00:00"
      }
    }
  },
  "timestamp": "2026-03-31T17:13:04.505627Z"
}
----- End Entry -----

===== Treasury Recommendation Entry | UTC: 31 Mar 2026, 17:13 UTC | Local: 31 Mar 2026, 22:43 IST =====
Mandate: m-2
Run ID: 2042e858-15d8-4377-9e61-85578fe4a674
Generated At (UTC): 31 Mar 2026, 17:13 UTC
Generated At (Local): 31 Mar 2026, 22:43 IST
{
  "run_id": "2042e858-15d8-4377-9e61-85578fe4a674",
  "mandate_id": "m-2",
  "policy_snapshot": {
    "min_apy": 2.0,
    "allowed_protocols": [
      "aave"
    ],
    "allowed_chains": [
      "ethereum"
    ]
  },
  "recommendation_output": {
    "success": true,
    "run_id": "2042e858-15d8-4377-9e61-85578fe4a674",
    "mandate_id": "m-2",
    "approval_ref": "Snapshot #2",
    "recommendation": {
      "recommended_pools": [],
      "expected_portfolio_apy": 0,
      "message": "No pools matched the mandate criteria."
    },
    "proposal_draft": "## Treasury Allocation Proposal\n\nNo pools matched the mandate criteria. Adjust policy or try again later.",
    "pipeline_stats": {
      "discovery": {
        "total_fetched": 10,
        "after_policy_filters": 0,
        "after_rank_top_n": 0,
        "after_apy_crosscheck": 0
      },
      "risk": {
        "input_candidates": 0,
        "after_risk_policy_filters": 0
      },
      "decision": {
        "scored_candidates": 0,
        "recommended_count": 0
      },
      "timestamps": {
        "started_at_utc": "2026-03-31T17:13:04.761194+00:00",
        "completed_at_utc": "2026-03-31T17:13:04.761221+00:00"
      }
    }
  },
  "timestamp": "2026-03-31T17:13:04.761253Z"
}
----- End Entry -----

===== Treasury Recommendation Entry | UTC: 31 Mar 2026, 17:16 UTC | Local: 31 Mar 2026, 22:46 IST =====
Mandate: m-1
Run ID: 7db860f4-e5f9-497a-bf3a-fc21abaff37c
Generated At (UTC): 31 Mar 2026, 17:16 UTC
Generated At (Local): 31 Mar 2026, 22:46 IST
{
  "run_id": "7db860f4-e5f9-497a-bf3a-fc21abaff37c",
  "mandate_id": "m-1",
  "policy_snapshot": {
    "min_apy": 2.0,
    "allowed_protocols": [
      "aave"
    ],
    "allowed_chains": [
      "ethereum"
    ],
    "amount_usd": 100000,
    "risk": {
      "max_level": "medium",
      "min_score": 40
    }
  },
  "recommendation_output": {
    "recommendation": {
      "recommended_pools": [
        {
          "id": "p1",
          "protocol": "aave-v3",
          "chain": "Ethereum",
          "apy": 4.2,
          "tvl": 1000000,
          "riskData": {
            "riskScore": 80,
            "riskLevel": "low"
          },
          "explanation": [
            "APY above policy threshold",
            "Risk score within mandate limits",
            "Protocol whitelisted in policy"
          ],
          "selection_reason": "APY above policy threshold. Risk score within mandate limits. Protocol whitelisted in policy",
          "totalScore": 1.0
        }
      ],
      "allocation": [
        {
          "pool_id": "p1",
          "protocol": "aave-v3",
          "chain": "Ethereum",
          "apy": 4.2,
          "risk_score": 80,
          "risk_level": "low",
          "tvl": 1000000,
          "score": 1.0,
          "pct": 100.0,
          "amount_usd": 100000.0,
          "url": "",
          "explanation": [
            "APY above policy threshold",
            "Risk score within mandate limits",
            "Protocol whitelisted in policy"
          ]
        }
      ],
      "expected_portfolio_apy": 4.2,
      "total_allocated_usd": 100000.0,
      "reasoning_trace": []
    },
    "proposal_draft": "## Treasury Allocation Proposal\n\nAllocate **$100,000** from treasury across **1 pool**.\n\n### Portfolio summary\n- **Total allocated:** $100,000\n- **Expected portfolio APY:** 4.2%\n- **Number of pools:** 1\n\n### Allocation breakdown\n\n| Pool / Protocol | Chain | Allocation | Amount | APY | Risk |\n| --- | --- | --- | --- | --- | --- |\n| aave-v3 | Ethereum | 100.0% | $100,000 | 4.2% | 80/100 |\n\n### Selection rationale\n- **aave-v3 (100.0%):** APY above policy threshold. Risk score within mandate limits. Protocol whitelisted in policy\n  _Mandate: `m-1` | Generated (UTC): `31 Mar 2026, 00:00 UTC` | Local: `31 Mar 2026, 05:30 IST`_\n---\n\n### Mandate & approval\n- **Mandate ID:** m-1\n- **Approval Ref:** Snapshot #1\n- **Generated At (UTC):** 31 Mar 2026, 00:00 UTC\n- **Generated At (Local):** 31 Mar 2026, 05:30 IST\n\n---\n*Generated by RDA Treasury Advisor. Review before publishing.*"
  },
  "timestamp": "2026-03-31T17:16:15.776958Z"
}
----- End Entry -----

===== Treasury Recommendation Entry | UTC: 31 Mar 2026, 17:16 UTC | Local: 31 Mar 2026, 22:46 IST =====
Mandate: m-2
Run ID: 05c35142-6c0a-46c6-9350-8522f53b751f
Generated At (UTC): 31 Mar 2026, 17:16 UTC
Generated At (Local): 31 Mar 2026, 22:46 IST
{
  "run_id": "05c35142-6c0a-46c6-9350-8522f53b751f",
  "mandate_id": "m-2",
  "policy_snapshot": {
    "min_apy": 2.0,
    "allowed_protocols": [
      "aave"
    ],
    "allowed_chains": [
      "ethereum"
    ]
  },
  "recommendation_output": {
    "success": true,
    "run_id": "05c35142-6c0a-46c6-9350-8522f53b751f",
    "mandate_id": "m-2",
    "approval_ref": "Snapshot #2",
    "recommendation": {
      "recommended_pools": [],
      "expected_portfolio_apy": 0,
      "message": "No pools matched the mandate criteria."
    },
    "proposal_draft": "## Treasury Allocation Proposal\n\nNo pools matched the mandate criteria. Adjust policy or try again later.",
    "pipeline_stats": {
      "discovery": {
        "total_fetched": 10,
        "after_policy_filters": 0,
        "after_rank_top_n": 0,
        "after_apy_crosscheck": 0
      },
      "risk": {
        "input_candidates": 0,
        "after_risk_policy_filters": 0
      },
      "decision": {
        "scored_candidates": 0,
        "recommended_count": 0
      },
      "timestamps": {
        "started_at_utc": "2026-03-31T17:16:15.783131+00:00",
        "completed_at_utc": "2026-03-31T17:16:15.783173+00:00"
      }
    }
  },
  "timestamp": "2026-03-31T17:16:15.783224Z"
}
----- End Entry -----

===== Treasury Recommendation Entry | UTC: 31 Mar 2026, 17:39 UTC | Local: 31 Mar 2026, 23:09 IST =====
Mandate: m-1
Run ID: ae856199-ecc1-4216-812f-5b4730cd4f43
Generated At (UTC): 31 Mar 2026, 17:39 UTC
Generated At (Local): 31 Mar 2026, 23:09 IST
{
  "run_id": "ae856199-ecc1-4216-812f-5b4730cd4f43",
  "mandate_id": "m-1",
  "policy_snapshot": {
    "min_apy": 2.0,
    "allowed_protocols": [
      "aave"
    ],
    "allowed_chains": [
      "ethereum"
    ],
    "amount_usd": 100000,
    "risk": {
      "max_level": "medium",
      "min_score": 40
    }
  },
  "recommendation_output": {
    "recommendation": {
      "recommended_pools": [
        {
          "id": "p1",
          "protocol": "aave-v3",
          "chain": "Ethereum",
          "apy": 4.2,
          "tvl": 1000000,
          "riskData": {
            "riskScore": 80,
            "riskLevel": "low"
          },
          "explanation": [
            "APY above policy threshold",
            "Risk score within mandate limits",
            "Protocol whitelisted in policy"
          ],
          "selection_reason": "APY above policy threshold. Risk score within mandate limits. Protocol whitelisted in policy",
          "totalScore": 1.0
        }
      ],
      "allocation": [
        {
          "pool_id": "p1",
          "protocol": "aave-v3",
          "chain": "Ethereum",
          "apy": 4.2,
          "risk_score": 80,
          "risk_level": "low",
          "tvl": 1000000,
          "score": 1.0,
          "pct": 100.0,
          "amount_usd": 100000.0,
          "url": "",
          "explanation": [
            "APY above policy threshold",
            "Risk score within mandate limits",
            "Protocol whitelisted in policy"
          ]
        }
      ],
      "expected_portfolio_apy": 4.2,
      "total_allocated_usd": 100000.0,
      "reasoning_trace": []
    },
    "proposal_draft": "## Treasury Allocation Proposal\n\nAllocate **$100,000** from treasury across **1 pool**.\n\n### Portfolio summary\n- **Total allocated:** $100,000\n- **Expected portfolio APY:** 4.2%\n- **Number of pools:** 1\n\n### Allocation breakdown\n\n| Pool / Protocol | Chain | Allocation | Amount | APY | Risk |\n| --- | --- | --- | --- | --- | --- |\n| aave-v3 | Ethereum | 100.0% | $100,000 | 4.2% | 80/100 |\n\n### Selection rationale\n- **aave-v3 (100.0%):** APY above policy threshold. Risk score within mandate limits. Protocol whitelisted in policy\n  _Mandate: `m-1` | Generated (UTC): `31 Mar 2026, 00:00 UTC` | Local: `31 Mar 2026, 05:30 IST`_\n---\n\n### Mandate & approval\n- **Mandate ID:** m-1\n- **Approval Ref:** Snapshot #1\n- **Generated At (UTC):** 31 Mar 2026, 00:00 UTC\n- **Generated At (Local):** 31 Mar 2026, 05:30 IST\n\n---\n*Generated by RDA Treasury Advisor. Review before publishing.*"
  },
  "timestamp": "2026-03-31T17:39:54.999472Z"
}
----- End Entry -----

===== Treasury Recommendation Entry | UTC: 31 Mar 2026, 17:39 UTC | Local: 31 Mar 2026, 23:09 IST =====
Mandate: m-2
Run ID: c3ccbde3-9bf1-4448-9aff-4c0094364994
Generated At (UTC): 31 Mar 2026, 17:39 UTC
Generated At (Local): 31 Mar 2026, 23:09 IST
{
  "run_id": "c3ccbde3-9bf1-4448-9aff-4c0094364994",
  "mandate_id": "m-2",
  "policy_snapshot": {
    "min_apy": 2.0,
    "allowed_protocols": [
      "aave"
    ],
    "allowed_chains": [
      "ethereum"
    ]
  },
  "recommendation_output": {
    "success": true,
    "run_id": "c3ccbde3-9bf1-4448-9aff-4c0094364994",
    "mandate_id": "m-2",
    "approval_ref": "Snapshot #2",
    "recommendation": {
      "recommended_pools": [],
      "expected_portfolio_apy": 0,
      "message": "No pools matched the mandate criteria."
    },
    "proposal_draft": "## Treasury Allocation Proposal\n\nNo pools matched the mandate criteria. Adjust policy or try again later.",
    "pipeline_stats": {
      "discovery": {
        "total_fetched": 10,
        "after_policy_filters": 0,
        "after_rank_top_n": 0,
        "after_apy_crosscheck": 0
      },
      "risk": {
        "input_candidates": 0,
        "after_risk_policy_filters": 0
      },
      "decision": {
        "scored_candidates": 0,
        "recommended_count": 0
      },
      "timestamps": {
        "started_at_utc": "2026-03-31T17:39:55.001112+00:00",
        "completed_at_utc": "2026-03-31T17:39:55.001141+00:00"
      }
    }
  },
  "timestamp": "2026-03-31T17:39:55.001173Z"
}
----- End Entry -----

===== Treasury Recommendation Entry | UTC: 31 Mar 2026, 17:45 UTC | Local: 31 Mar 2026, 23:15 IST =====
Mandate: m-1
Run ID: 15a4820b-c08d-4a19-9081-dcbeabdfc592
Generated At (UTC): 31 Mar 2026, 17:45 UTC
Generated At (Local): 31 Mar 2026, 23:15 IST
{
  "run_id": "15a4820b-c08d-4a19-9081-dcbeabdfc592",
  "mandate_id": "m-1",
  "policy_snapshot": {
    "min_apy": 2.0,
    "allowed_protocols": [
      "aave"
    ],
    "allowed_chains": [
      "ethereum"
    ],
    "amount_usd": 100000,
    "risk": {
      "max_level": "medium",
      "min_score": 40
    }
  },
  "recommendation_output": {
    "recommendation": {
      "recommended_pools": [
        {
          "id": "p1",
          "protocol": "aave-v3",
          "chain": "Ethereum",
          "apy": 4.2,
          "tvl": 1000000,
          "riskData": {
            "riskScore": 80,
            "riskLevel": "low"
          },
          "explanation": [
            "APY above policy threshold",
            "Risk score within mandate limits",
            "Protocol whitelisted in policy"
          ],
          "selection_reason": "APY above policy threshold. Risk score within mandate limits. Protocol whitelisted in policy",
          "totalScore": 1.0
        }
      ],
      "allocation": [
        {
          "pool_id": "p1",
          "protocol": "aave-v3",
          "chain": "Ethereum",
          "apy": 4.2,
          "risk_score": 80,
          "risk_level": "low",
          "tvl": 1000000,
          "score": 1.0,
          "pct": 100.0,
          "amount_usd": 100000.0,
          "url": "",
          "explanation": [
            "APY above policy threshold",
            "Risk score within mandate limits",
            "Protocol whitelisted in policy"
          ]
        }
      ],
      "expected_portfolio_apy": 4.2,
      "total_allocated_usd": 100000.0,
      "reasoning_trace": []
    },
    "proposal_draft": "## Treasury Allocation Proposal\n\nAllocate **$100,000** from treasury across **1 pool**.\n\n### Portfolio summary\n- **Total allocated:** $100,000\n- **Expected portfolio APY:** 4.2%\n- **Number of pools:** 1\n\n### Allocation breakdown\n\n| Pool / Protocol | Chain | Allocation | Amount | APY | Risk |\n| --- | --- | --- | --- | --- | --- |\n| aave-v3 | Ethereum | 100.0% | $100,000 | 4.2% | 80/100 |\n\n### Selection rationale\n- **aave-v3 (100.0%):** APY above policy threshold. Risk score within mandate limits. Protocol whitelisted in policy\n  _Mandate: `m-1` | Generated (UTC): `31 Mar 2026, 00:00 UTC` | Local: `31 Mar 2026, 05:30 IST`_\n---\n\n### Mandate & approval\n- **Mandate ID:** m-1\n- **Approval Ref:** Snapshot #1\n- **Generated At (UTC):** 31 Mar 2026, 00:00 UTC\n- **Generated At (Local):** 31 Mar 2026, 05:30 IST\n\n---\n*Generated by RDA Treasury Advisor. Review before publishing.*"
  },
  "timestamp": "2026-03-31T17:45:53.558264Z"
}
----- End Entry -----

===== Treasury Recommendation Entry | UTC: 31 Mar 2026, 17:45 UTC | Local: 31 Mar 2026, 23:15 IST =====
Mandate: m-2
Run ID: fde3ead7-b556-4d70-a932-2aa0abcf81c2
Generated At (UTC): 31 Mar 2026, 17:45 UTC
Generated At (Local): 31 Mar 2026, 23:15 IST
{
  "run_id": "fde3ead7-b556-4d70-a932-2aa0abcf81c2",
  "mandate_id": "m-2",
  "policy_snapshot": {
    "min_apy": 2.0,
    "allowed_protocols": [
      "aave"
    ],
    "allowed_chains": [
      "ethereum"
    ]
  },
  "recommendation_output": {
    "success": true,
    "run_id": "fde3ead7-b556-4d70-a932-2aa0abcf81c2",
    "mandate_id": "m-2",
    "approval_ref": "Snapshot #2",
    "recommendation": {
      "recommended_pools": [],
      "expected_portfolio_apy": 0,
      "message": "No pools matched the mandate criteria."
    },
    "proposal_draft": "## Treasury Allocation Proposal\n\nNo pools matched the mandate criteria. Adjust policy or try again later.",
    "pipeline_stats": {
      "discovery": {
        "total_fetched": 10,
        "after_policy_filters": 0,
        "after_rank_top_n": 0,
        "after_apy_crosscheck": 0
      },
      "risk": {
        "input_candidates": 0,
        "after_risk_policy_filters": 0
      },
      "decision": {
        "scored_candidates": 0,
        "recommended_count": 0
      },
      "timestamps": {
        "started_at_utc": "2026-03-31T17:45:53.561071+00:00",
        "completed_at_utc": "2026-03-31T17:45:53.561094+00:00"
      }
    }
  },
  "timestamp": "2026-03-31T17:45:53.561124Z"
}
----- End Entry -----

===== Treasury Recommendation Entry | UTC: 31 Mar 2026, 17:52 UTC | Local: 31 Mar 2026, 23:22 IST =====
Mandate: m-1
Run ID: 8acad3d0-7436-4124-a4db-72c77790e396
Generated At (UTC): 31 Mar 2026, 17:52 UTC
Generated At (Local): 31 Mar 2026, 23:22 IST
{
  "run_id": "8acad3d0-7436-4124-a4db-72c77790e396",
  "mandate_id": "m-1",
  "policy_snapshot": {
    "min_apy": 2.0,
    "allowed_protocols": [
      "aave"
    ],
    "allowed_chains": [
      "ethereum"
    ],
    "amount_usd": 100000,
    "risk": {
      "max_level": "medium",
      "min_score": 40
    }
  },
  "recommendation_output": {
    "recommendation": {
      "recommended_pools": [
        {
          "id": "p1",
          "protocol": "aave-v3",
          "chain": "Ethereum",
          "apy": 4.2,
          "tvl": 1000000,
          "riskData": {
            "riskScore": 80,
            "riskLevel": "low"
          },
          "explanation": [
            "APY above policy threshold",
            "Risk score within mandate limits",
            "Protocol whitelisted in policy"
          ],
          "selection_reason": "APY above policy threshold. Risk score within mandate limits. Protocol whitelisted in policy",
          "totalScore": 1.0
        }
      ],
      "allocation": [
        {
          "pool_id": "p1",
          "protocol": "aave-v3",
          "chain": "Ethereum",
          "apy": 4.2,
          "risk_score": 80,
          "risk_level": "low",
          "tvl": 1000000,
          "score": 1.0,
          "pct": 100.0,
          "amount_usd": 100000.0,
          "url": "",
          "explanation": [
            "APY above policy threshold",
            "Risk score within mandate limits",
            "Protocol whitelisted in policy"
          ]
        }
      ],
      "expected_portfolio_apy": 4.2,
      "total_allocated_usd": 100000.0,
      "reasoning_trace": []
    },
    "proposal_draft": "## Treasury Allocation Proposal\n\nAllocate **$100,000** from treasury across **1 pool**.\n\n### Portfolio summary\n- **Total allocated:** $100,000\n- **Expected portfolio APY:** 4.2%\n- **Number of pools:** 1\n\n### Allocation breakdown\n\n| Pool / Protocol | Chain | Allocation | Amount | APY | Risk |\n| --- | --- | --- | --- | --- | --- |\n| aave-v3 | Ethereum | 100.0% | $100,000 | 4.2% | 80/100 |\n\n### Selection rationale\n- **aave-v3 (100.0%):** APY above policy threshold. Risk score within mandate limits. Protocol whitelisted in policy\n  _Mandate: `m-1` | Generated (UTC): `31 Mar 2026, 00:00 UTC` | Local: `31 Mar 2026, 05:30 IST`_\n---\n\n### Mandate & approval\n- **Mandate ID:** m-1\n- **Approval Ref:** Snapshot #1\n- **Generated At (UTC):** 31 Mar 2026, 00:00 UTC\n- **Generated At (Local):** 31 Mar 2026, 05:30 IST\n\n---\n*Generated by RDA Treasury Advisor. Review before publishing.*"
  },
  "timestamp": "2026-03-31T17:52:24.864852Z"
}
----- End Entry -----

===== Treasury Recommendation Entry | UTC: 31 Mar 2026, 17:52 UTC | Local: 31 Mar 2026, 23:22 IST =====
Mandate: m-2
Run ID: 5d3d119e-079f-49e4-bf21-008caea8a62c
Generated At (UTC): 31 Mar 2026, 17:52 UTC
Generated At (Local): 31 Mar 2026, 23:22 IST
{
  "run_id": "5d3d119e-079f-49e4-bf21-008caea8a62c",
  "mandate_id": "m-2",
  "policy_snapshot": {
    "min_apy": 2.0,
    "allowed_protocols": [
      "aave"
    ],
    "allowed_chains": [
      "ethereum"
    ]
  },
  "recommendation_output": {
    "success": true,
    "run_id": "5d3d119e-079f-49e4-bf21-008caea8a62c",
    "mandate_id": "m-2",
    "approval_ref": "Snapshot #2",
    "recommendation": {
      "recommended_pools": [],
      "expected_portfolio_apy": 0,
      "message": "No pools matched the mandate criteria."
    },
    "proposal_draft": "## Treasury Allocation Proposal\n\nNo pools matched the mandate criteria. Adjust policy or try again later.",
    "pipeline_stats": {
      "discovery": {
        "total_fetched": 10,
        "after_policy_filters": 0,
        "after_rank_top_n": 0,
        "after_apy_crosscheck": 0
      },
      "risk": {
        "input_candidates": 0,
        "after_risk_policy_filters": 0
      },
      "decision": {
        "scored_candidates": 0,
        "recommended_count": 0
      },
      "timestamps": {
        "started_at_utc": "2026-03-31T17:52:24.867709+00:00",
        "completed_at_utc": "2026-03-31T17:52:24.867730+00:00"
      }
    }
  },
  "timestamp": "2026-03-31T17:52:24.867762Z"
}
----- End Entry -----

===== Treasury Recommendation Entry | UTC: 01 Apr 2026, 05:59 UTC | Local: 01 Apr 2026, 11:29 IST =====
Mandate: test-mandate-001
Run ID: 0a14ea12-a556-4a02-b1a7-f68c52d856d5
Generated At (UTC): 01 Apr 2026, 05:59 UTC
Generated At (Local): 01 Apr 2026, 11:29 IST
{
  "run_id": "0a14ea12-a556-4a02-b1a7-f68c52d856d5",
  "mandate_id": "test-mandate-001",
  "policy_snapshot": {
    "min_apy": 2.0,
    "max_apy": null,
    "target_apy": 5.0,
    "risk": {
      "max_level": "medium",
      "min_score": 40
    },
    "allowed_protocols": [
      "aave",
      "compound"
    ],
    "allowed_chains": [
      "ethereum",
      "arbitrum"
    ],
    "max_tvl_per_pool_pct": 40.0,
    "min_pool_tvl_usd": 1000000,
    "amount_usd": 100000,
    "preference": "balanced",
    "mandate_version": 1
  },
  "recommendation_output": {
    "recommendation": {
      "recommended_pools": [
        {
          "id": "aa70268e-4b52-42bf-a116-608b370f9501",
          "protocol": "aave-v3",
          "chain": "Ethereum",
          "tvl": 592470358,
          "apy": 2.64571,
          "symbol": "USDC",
          "project": "aave-v3",
          "url": null,
          "poolMeta": null,
          "underlyingTokens": [
            "0xA0b86991c6218b36c1d19D4a2e9Eb0cE3606eB48"
          ],
          "rewardTokens": null,
          "last_updated": "2026-04-01 05:58:57.079598",
          "riskData": {
            "poolId": "aa70268e-4b52-42bf-a116-608b370f9501",
            "riskScore": 100.0,
            "riskLevel": "very_low",
            "riskReasoning": "This pool has a VERY LOW risk profile. \u2713 Excellent liquidity with $592,470,358 TVL provides strong stability and low slippage risk. \u2713 Aave-V3 is an established protocol with strong track record and audits. \u2713 Low APY (2.6%) indicates very conservative, stable yield. \u2713 No known exploit history.",
            "factors": {
              "contractVerified": null,
              "auditLink": null,
              "holderConcentration": null,
              "liquidityScore": null,
              "exploitHistory": null,
              "existingRisk": null
            },
            "confidence": 0.0,
            "recommendations": [
              "\u2705 Low risk pool - suitable for conservative investments",
              "\ud83d\udcc8 Good choice for long-term holdings",
              "\ud83d\udca7 High liquidity - excellent for large transactions",
              "\ud83c\udfe6 Established protocol with strong track record"
            ],
            "originalPoolData": {
              "id": "aa70268e-4b52-42bf-a116-608b370f9501",
              "protocol": "aave-v3",
              "chain": "Ethereum",
              "tvl": 592470358,
              "apy": 2.64571,
              "symbol": "USDC",
              "project": "aave-v3",
              "url": null,
              "poolMeta": null,
              "underlyingTokens": [
                "0xA0b86991c6218b36c1d19D4a2e9Eb0cE3606eB48"
              ],
              "rewardTokens": null,
              "last_updated": "2026-04-01 05:58:57.079598"
            }
          },
          "totalScore": 0.779,
          "scoreFactors": {
            "normalized_apy": 0.5579716919394943,
            "normalized_risk_score": 1.0,
            "normalized_tvl": 1.0,
            "weights": {
              "apy": 0.5,
              "risk": 0.3,
              "tvl": 0.2
            }
          },
          "ranking": 1,
          "explanation": [
            "APY above policy threshold",
            "Risk score within mandate limits",
            "Protocol whitelisted in policy",
            "Pool TVL above minimum threshold"
          ],
          "selection_reason": "APY above policy threshold. Risk score within mandate limits. Protocol whitelisted in policy. Pool TVL above minimum threshold"
        },
        {
          "id": "83fca810-ec67-401d-831a-2d0ae8e596c9",
          "protocol": "aave-v3",
          "chain": "Ethereum",
          "tvl": 13305599,
          "apy": 2.88212,
          "symbol": "USDG",
          "project": "aave-v3",
          "url": null,
          "poolMeta": null,
          "underlyingTokens": [
            "0xe343167631d89B6Ffc58B88d6b7fB0228795491D"
          ],
          "rewardTokens": null,
          "last_updated": "2026-04-01 05:58:57.080471",
          "riskData": {
            "poolId": "83fca810-ec67-401d-831a-2d0ae8e596c9",
            "riskScore": 90.0,
            "riskLevel": "very_low",
            "riskReasoning": "This pool has a VERY LOW risk profile. \u2713 Good liquidity with $13,305,599 TVL provides reasonable stability. \u2713 Aave-V3 is an established protocol with strong track record and audits. \u2713 Low APY (2.9%) indicates very conservative, stable yield. \u2713 No known exploit history.",
            "factors": {
              "contractVerified": null,
              "auditLink": null,
              "holderConcentration": null,
              "liquidityScore": null,
              "exploitHistory": null,
              "existingRisk": null
            },
            "confidence": 0.0,
            "recommendations": [
              "\u2705 Low risk pool - suitable for conservative investments",
              "\ud83d\udcc8 Good choice for long-term holdings",
              "\ud83c\udfe6 Established protocol with strong track record"
            ],
            "originalPoolData": {
              "id": "83fca810-ec67-401d-831a-2d0ae8e596c9",
              "protocol": "aave-v3",
              "chain": "Ethereum",
              "tvl": 13305599,
              "apy": 2.88212,
              "symbol": "USDG",
              "project": "aave-v3",
              "url": null,
              "poolMeta": null,
              "underlyingTokens": [
                "0xe343167631d89B6Ffc58B88d6b7fB0228795491D"
              ],
              "rewardTokens": null,
              "last_updated": "2026-04-01 05:58:57.080471"
            }
          },
          "totalScore": 0.6538,
          "scoreFactors": {
            "normalized_apy": 1.0,
            "normalized_risk_score": 0.5,
            "normalized_tvl": 0.01914877638807628,
            "weights": {
              "apy": 0.5,
              "risk": 0.3,
              "tvl": 0.2
            }
          },
          "ranking": 2,
          "explanation": [
            "APY above policy threshold",
            "Risk score within mandate limits",
            "Protocol whitelisted in policy",
            "Pool TVL above minimum threshold"
          ],
          "selection_reason": "APY above policy threshold. Risk score within mandate limits. Protocol whitelisted in policy. Pool TVL above minimum threshold"
        },
        {
          "id": "27296bf9-617a-46e4-9d6d-eefc71e9e0b6",
          "protocol": "aave-v3",
          "chain": "Ethereum",
          "tvl": 5802751,
          "apy": 2.69911,
          "symbol": "USDC",
          "project": "aave-v3",
          "url": null,
          "poolMeta": "horizon-market",
          "underlyingTokens": [
            "0xA0b86991c6218b36c1d19D4a2e9Eb0cE3606eB48"
          ],
          "rewardTokens": null,
          "last_updated": "2026-04-01 05:58:57.081104",
          "riskData": {
            "poolId": "27296bf9-617a-46e4-9d6d-eefc71e9e0b6",
            "riskScore": 85.0,
            "riskLevel": "very_low",
            "riskReasoning": "This pool has a VERY LOW risk profile. \u26a0 Moderate liquidity at $5,802,751 TVL - some slippage risk on large trades. \u2713 Aave-V3 is an established protocol with strong track record and audits. \u2713 Low APY (2.7%) indicates very conservative, stable yield. \u2713 No known exploit history.",
            "factors": {
              "contractVerified": null,
              "auditLink": null,
              "holderConcentration": null,
              "liquidityScore": null,
              "exploitHistory": null,
              "existingRisk": null
            },
            "confidence": 0.0,
            "recommendations": [
              "\u2705 Low risk pool - suitable for conservative investments",
              "\ud83d\udcc8 Good choice for long-term holdings",
              "\ud83c\udfe6 Established protocol with strong track record"
            ],
            "originalPoolData": {
              "id": "27296bf9-617a-46e4-9d6d-eefc71e9e0b6",
              "protocol": "aave-v3",
              "chain": "Ethereum",
              "tvl": 5802751,
              "apy": 2.69911,
              "symbol": "USDC",
              "project": "aave-v3",
              "url": null,
              "poolMeta": "horizon-market",
              "underlyingTokens": [
                "0xA0b86991c6218b36c1d19D4a2e9Eb0cE3606eB48"
              ],
              "rewardTokens": null,
              "last_updated": "2026-04-01 05:58:57.081104"
            }
          },
          "totalScore": 0.4052,
          "scoreFactors": {
            "normalized_apy": 0.6578165024400278,
            "normalized_risk_score": 0.25,
            "normalized_tvl": 0.006442240765845378,
            "weights": {
              "apy": 0.5,
              "risk": 0.3,
              "tvl": 0.2
            }
          },
          "ranking": 4,
          "explanation": [
            "APY above policy threshold",
            "Risk score within mandate limits",
            "Protocol whitelisted in policy",
            "Pool TVL above minimum threshold"
          ],
          "selection_reason": "APY above policy threshold. Risk score within mandate limits. Protocol whitelisted in policy. Pool TVL above minimum threshold"
        }
      ],
      "allocation": [
        {
          "pool_id": "aa70268e-4b52-42bf-a116-608b370f9501",
          "protocol": "aave-v3",
          "chain": "Ethereum",
          "apy": 2.64571,
          "risk_score": 100.0,
          "risk_level": "very_low",
          "tvl": 592470358,
          "score": 0.779,
          "pct": 28.6,
          "amount_usd": 28581.91,
          "url": "",
          "explanation": [
            "APY above policy threshold",
            "Risk score within mandate limits",
            "Protocol whitelisted in policy",
            "Pool TVL above minimum threshold"
          ]
        },
        {
          "pool_id": "83fca810-ec67-401d-831a-2d0ae8e596c9",
          "protocol": "aave-v3",
          "chain": "Ethereum",
          "apy": 2.88212,
          "risk_score": 90.0,
          "risk_level": "very_low",
          "tvl": 13305599,
          "score": 0.6538,
          "pct": 24.0,
          "amount_usd": 23988.26,
          "url": "",
          "explanation": [
            "APY above policy threshold",
            "Risk score within mandate limits",
            "Protocol whitelisted in policy",
            "Pool TVL above minimum threshold"
          ]
        },
        {
          "pool_id": "7da72d09-56ca-4ec5-a45f-59114353e487",
          "protocol": "compound-v3",
          "chain": "Ethereum",
          "apy": 2.51795,
          "risk_score": 100.0,
          "risk_level": "very_low",
          "tvl": 112488179,
          "score": 0.497,
          "pct": 18.2,
          "amount_usd": 18235.19,
          "url": "",
          "explanation": [
            "APY above policy threshold",
            "Risk score within mandate limits",
            "Protocol whitelisted in policy",
            "Pool TVL above minimum threshold"
          ]
        },
        {
          "pool_id": "27296bf9-617a-46e4-9d6d-eefc71e9e0b6",
          "protocol": "aave-v3",
          "chain": "Ethereum",
          "apy": 2.69911,
          "risk_score": 85.0,
          "risk_level": "very_low",
          "tvl": 5802751,
          "score": 0.4052,
          "pct": 14.9,
          "amount_usd": 14867.0,
          "url": "",
          "explanation": [
            "APY above policy threshold",
            "Risk score within mandate limits",
            "Protocol whitelisted in policy",
            "Pool TVL above minimum threshold"
          ]
        },
        {
          "pool_id": "f4d5b566-e815-4ca2-bb07-7bcd8bc797f1",
          "protocol": "compound-v3",
          "chain": "Ethereum",
          "apy": 2.50295,
          "risk_score": 95.0,
          "risk_level": "very_low",
          "tvl": 60895993,
          "score": 0.3905,
          "pct": 14.3,
          "amount_usd": 14327.65,
          "url": "",
          "explanation": [
            "APY above policy threshold",
            "Risk score within mandate limits",
            "Protocol whitelisted in policy",
            "Pool TVL above minimum threshold"
          ]
        }
      ],
      "expected_portfolio_apy": 2.67,
      "total_allocated_usd": 100000.01,
      "reasoning_trace": [
        {
          "step": 1,
          "agent": "DecisionAgent",
          "action": "filter_pools",
          "input": {
            "totalPools": 8,
            "criteria": {
              "min_apy": 2.0,
              "max_apy": null,
              "target_apy": 5.0,
              "preference": "balanced",
              "min_tvl": 1000000.0,
              "amount_usd": 100000.0,
              "top_n": 10,
              "risk": {
                "max_level": "medium",
                "min_score": 40
              },
              "allowed_protocols": [
                "aave",
                "compound"
              ],
              "allowed_chains": [
                "ethereum",
                "arbitrum"
              ],
              "max_tvl_per_pool_pct": 40.0
            }
          },
          "output": {
            "filteredPools": 8,
            "filtersApplied": [
              "min_apy",
              "max_apy",
              "target_apy",
              "preference",
              "min_tvl",
              "amount_usd",
              "top_n",
              "risk",
              "allowed_protocols",
              "allowed_chains",
              "max_tvl_per_pool_pct"
            ]
          },
          "reasoning": "Filtered pools based on criteria: min_apy, max_apy, target_apy, preference, min_tvl, amount_usd, top_n, risk, allowed_protocols, allowed_chains, max_tvl_per_pool_pct",
          "timestamp": "2026-04-01T11:29:03.486261"
        },
        {
          "step": 2,
          "agent": "DecisionAgent",
          "action": "score_pools",
          "input": {
            "poolsToScore": 8
          },
          "output": {
            "scoringFactors": [
              "normalized_apy",
              "normalized_risk_score",
              "normalized_tvl",
              "weights"
            ],
            "topScores": [
              {
                "id": "aa70268e-4b52-42bf-a116-608b370f9501",
                "score": 0.779
              },
              {
                "id": "83fca810-ec67-401d-831a-2d0ae8e596c9",
                "score": 0.6538
              },
              {
                "id": "7da72d09-56ca-4ec5-a45f-59114353e487",
                "score": 0.497
              }
            ]
          },
          "reasoning": "Scored pools using deterministic formula: score = 0.5*norm_apy + 0.3*norm_risk + 0.2*norm_tvl (each normalized to [0,1])",
          "timestamp": "2026-04-01T11:29:03.486270"
        },
        {
          "step": 3,
          "agent": "DecisionAgent",
          "action": "select_optimal",
          "input": {
            "candidatePools": 8
          },
          "output": {
            "selectedPool": {
              "id": "aa70268e-4b52-42bf-a116-608b370f9501",
              "protocol": "aave-v3",
              "score": 0.779,
              "apy": 2.64571,
              "riskScore": 50
            }
          },
          "reasoning": "Selected aa70268e-4b52-42bf-a116-608b370f9501 with highest composite score (0.779)",
          "timestamp": "2026-04-01T11:29:03.486272"
        },
        {
          "step": 4,
          "agent": "DecisionAgent",
          "action": "justify_selection",
          "input": {
            "selectedPool": "aa70268e-4b52-42bf-a116-608b370f9501"
          },
          "output": {
            "justification": {
              "apyAdvantage": 2.64571,
              "riskAssessment": "medium",
              "liquidityStrength": 592470358,
              "protocolReliability": "aave-v3"
            }
          },
          "reasoning": "Pool selected due to 2.64571% APY, medium risk, and strong liquidity of $592,470,358",
          "timestamp": "2026-04-01T11:29:03.486275"
        }
      ]
    },
    "proposal_draft": "## Treasury Allocation Proposal\n\nAllocate **$100,000** from treasury across **5 pools**.\n\n### Portfolio summary\n- **Total allocated:** $100,000\n- **Expected portfolio APY:** 2.67%\n- **Number of pools:** 5\n\n### Allocation breakdown\n\n| Pool / Protocol | Chain | Allocation | Amount | APY | Risk |\n| --- | --- | --- | --- | --- | --- |\n| aave-v3 | Ethereum | 28.6% | $28,582 | 2.64571% | 100.0/100 |\n| aave-v3 | Ethereum | 24.0% | $23,988 | 2.88212% | 90.0/100 |\n| compound-v3 | Ethereum | 18.2% | $18,235 | 2.51795% | 100.0/100 |\n| aave-v3 | Ethereum | 14.9% | $14,867 | 2.69911% | 85.0/100 |\n| compound-v3 | Ethereum | 14.3% | $14,328 | 2.50295% | 95.0/100 |\n\n### Selection rationale\n- **aave-v3 (28.6%):** APY above policy threshold. Risk score within mandate limits. Protocol whitelisted in policy. Pool TVL above minimum threshold\n  _Mandate: `test-mandate-001` | Generated (UTC): `01 Apr 2026, 05:59 UTC` | Local: `01 Apr 2026, 11:29 IST`_\n---\n- **aave-v3 (24.0%):** APY above policy threshold. Risk score within mandate limits. Protocol whitelisted in policy. Pool TVL above minimum threshold\n  _Mandate: `test-mandate-001` | Generated (UTC): `01 Apr 2026, 05:59 UTC` | Local: `01 Apr 2026, 11:29 IST`_\n---\n- **compound-v3 (18.2%):** APY above policy threshold. Risk score within mandate limits. Protocol whitelisted in policy. Pool TVL above minimum threshold\n  _Mandate: `test-mandate-001` | Generated (UTC): `01 Apr 2026, 05:59 UTC` | Local: `01 Apr 2026, 11:29 IST`_\n---\n- **aave-v3 (14.9%):** APY above policy threshold. Risk score within mandate limits. Protocol whitelisted in policy. Pool TVL above minimum threshold\n  _Mandate: `test-mandate-001` | Generated (UTC): `01 Apr 2026, 05:59 UTC` | Local: `01 Apr 2026, 11:29 IST`_\n---\n- **compound-v3 (14.3%):** APY above policy threshold. Risk score within mandate limits. Protocol whitelisted in policy. Pool TVL above minimum threshold\n  _Mandate: `test-mandate-001` | Generated (UTC): `01 Apr 2026, 05:59 UTC` | Local: `01 Apr 2026, 11:29 IST`_\n---\n\n### Mandate & approval\n- **Mandate ID:** test-mandate-001\n- **Approval Ref:** Snapshot proposal #TEST-001\n- **Generated At (UTC):** 01 Apr 2026, 05:59 UTC\n- **Generated At (Local):** 01 Apr 2026, 11:29 IST\n\n---\n*Generated by RDA Treasury Advisor. Review before publishing.*"
  },
  "timestamp": "2026-04-01T05:59:03.486907Z"
}
----- End Entry -----

